【登录信息】
*e50c05d19e7a6942f9031d457b6d3839*
`登陆天数: 55天 / 1029天
等级: 127
石头: 32
呼符: 3
体力: 304.8833333333333 / 137
友情点: 0 / 423570`
*連続ログイン6日目
※ログインが途切れるか、7日到達すると
1日目から再開されます*
`聖晶石 X 2
9月交換券(2022) X 1
`*2600万DL突破記念 特別連続ログインボーナス*
*開催期間中、1日1回 最大7回 連続ログインボーナスをプレゼント！*
`白銀の果実 X 10
`_2022-08-31 19:37:27_
--------
*0a908b156a065fad22454ba8ce31b9c8*
`登陆天数: 46天 / 886天
等级: 122
石头: 2560
呼符: 102
体力: 634.05 / 136
友情点: 0 / 711360`
*連続ログイン4日目
※ログインが途切れるか、7日到達すると
1日目から再開されます*
`聖晶石 X 1
9月交換券(2022) X 1
`*2600万DL突破記念 特別連続ログインボーナス*
*開催期間中、1日1回 最大7回 連続ログインボーナスをプレゼント！*
`白銀の果実 X 10
`_2022-08-31 19:37:35_
--------
