【登录信息】
*e50c05d19e7a6942f9031d457b6d3839*
`登陆天数: 56天 / 1030天
等级: 127
石头: 32
呼符: 3
体力: 592.87 / 137
友情点: 0 / 423570`
*連続ログイン7日間到達おめでとうございます！
明日は1日目からリスタートされます。*
`獣の足跡 X 1
呼符 X 1
9月交換券(2022) X 1
`*2600万DL突破記念 特別連続ログインボーナス*
*開催期間中、1日1回 最大7回 連続ログインボーナスをプレゼント！*
`黄金の果実 X 10
`_2022-09-01 19:37:23_
--------
*0a908b156a065fad22454ba8ce31b9c8*
`登陆天数: 47天 / 887天
等级: 122
石头: 2560
呼符: 102
体力: 922.0366666666666 / 136
友情点: 0 / 711360`
*連続ログイン5日目
※ログインが途切れるか、7日到達すると
1日目から再開されます*
`叡智の業火 X 2
9月交換券(2022) X 1
`*2600万DL突破記念 特別連続ログインボーナス*
*開催期間中、1日1回 最大7回 連続ログインボーナスをプレゼント！*
`黄金の果実 X 10
`_2022-09-01 19:37:31_
--------
