【登录信息】
*e50c05d19e7a6942f9031d457b6d3839*
`登陆天数: 58天 / 1032天
等级: 127
石头: 32
呼符: 3
体力: 1168.7566666666667 / 137
友情点: 0 / 423570`
*連続ログイン2日目
※ログインが途切れるか、7日到達すると
1日目から再開されます*
`聖晶石 X 1
9月交換券(2022) X 1
`*2600万DL突破記念 特別連続ログインボーナス*
*開催期間中、1日1回 最大7回 連続ログインボーナスをプレゼント！*
`QP X 10000000
`_2022-09-03 19:36:50_
--------
*0a908b156a065fad22454ba8ce31b9c8*
`登陆天数: 49天 / 889天
等级: 122
石头: 2560
呼符: 102
体力: 1497.9233333333334 / 136
友情点: 0 / 711360`
*連続ログイン7日間到達おめでとうございます！
明日は1日目からリスタートされます。*
`獣の足跡 X 1
呼符 X 1
9月交換券(2022) X 1
`*2600万DL突破記念 特別連続ログインボーナス*
*開催期間中、1日1回 最大7回 連続ログインボーナスをプレゼント！*
`QP X 10000000
`_2022-09-03 19:36:58_
--------
