【登录信息】
*e50c05d19e7a6942f9031d457b6d3839*
`登陆天数: 61天 / 1035天
等级: 127
石头: 32
呼符: 3
体力: 2032.88 / 137
友情点: 0 / 423570`
*連続ログイン5日目
※ログインが途切れるか、7日到達すると
1日目から再開されます*
`叡智の業火 X 2
9月交換券(2022) X 1
`*2600万DL突破記念 特別連続ログインボーナス*
*開催期間中、1日1回 最大7回 連続ログインボーナスをプレゼント！*
`呼符 X 10
`_2022-09-06 19:37:26_
--------
*0a908b156a065fad22454ba8ce31b9c8*
`登陆天数: 52天 / 892天
等级: 122
石头: 2560
呼符: 102
体力: 2362.0466666666666 / 136
友情点: 0 / 711360`
*連続ログイン3日目
※ログインが途切れるか、7日到達すると
1日目から再開されます*
`叡智の業火 X 1
9月交換券(2022) X 1
`*2600万DL突破記念 特別連続ログインボーナス*
*開催期間中、1日1回 最大7回 連続ログインボーナスをプレゼント！*
`呼符 X 10
`_2022-09-06 19:37:34_
--------
