【登录信息】
*e50c05d19e7a6942f9031d457b6d3839*
`登陆天数: 62天 / 1036天
等级: 127
石头: 41
呼符: 4
体力: 2321.1766666666667 / 137
友情点: 0 / 425570`
*連続ログイン6日目
※ログインが途切れるか、7日到達すると
1日目から再開されます*
`聖晶石 X 2
9月交換券(2022) X 1
`_2022-09-07 19:38:55_
--------
*0a908b156a065fad22454ba8ce31b9c8*
`登陆天数: 53天 / 893天
等级: 122
石头: 2560
呼符: 102
体力: 2650.3433333333332 / 136
友情点: 0 / 711360`
*連続ログイン4日目
※ログインが途切れるか、7日到達すると
1日目から再開されます*
`聖晶石 X 1
9月交換券(2022) X 1
`*Road to 7 [Lostbelt No.4]開催！*
*Road to 7 [Lostbelt No.4]開催！*
``_2022-09-07 19:39:04_
--------
