【登录信息】
*e50c05d19e7a6942f9031d457b6d3839*
`登陆天数: 64天 / 1038天
等级: 127
石头: 41
呼符: 4
体力: 2897.25 / 137
友情点: 0 / 425570`
*連続ログイン1日目
※ログインが途切れるか、7日到達すると
1日目から再開されます*
`フレンドポイント X 2000
9月交換券(2022) X 1
`*リリース2600日突破キャンペーン 初回ログインボーナス*
*開催期間中、初回ログインで「聖晶石×10」をプレゼント！*
`聖晶石 X 10
`_2022-09-09 19:39:17_
--------
*0a908b156a065fad22454ba8ce31b9c8*
`登陆天数: 55天 / 895天
等级: 122
石头: 2560
呼符: 102
体力: 3226.4166666666665 / 136
友情点: 0 / 711360`
*連続ログイン6日目
※ログインが途切れるか、7日到達すると
1日目から再開されます*
`聖晶石 X 2
9月交換券(2022) X 1
`*リリース2600日突破キャンペーン 初回ログインボーナス*
*開催期間中、初回ログインで「聖晶石×10」をプレゼント！*
`聖晶石 X 10
`_2022-09-09 19:39:25_
--------
