【登录信息】
*e50c05d19e7a6942f9031d457b6d3839*
`登陆天数: 72天 / 1046天
等级: 127
石头: 0
呼符: 0
体力: 1639.19 / 137
友情点: 10 / 427580`
*連続ログイン2日目
※ログインが途切れるか、7日到達すると
1日目から再開されます*
`聖晶石 X 1
9月交換券(2022) X 1
`*京都国際マンガ・アニメフェア2022
出展記念 初回ログインボーナス*
*開催期間中、初回ログインで「聖晶石×10」をプレゼント！*
`聖晶石 X 10
`_2022-09-17 19:38:07_
--------
*0a908b156a065fad22454ba8ce31b9c8*
`登陆天数: 63天 / 903天
等级: 122
石头: 2560
呼符: 102
体力: 5530.18 / 136
友情点: 0 / 711360`
*連続ログイン7日間到達おめでとうございます！
明日は1日目からリスタートされます。*
`獣の足跡 X 1
呼符 X 1
9月交換券(2022) X 1
`*京都国際マンガ・アニメフェア2022
出展記念 初回ログインボーナス*
*開催期間中、初回ログインで「聖晶石×10」をプレゼント！*
`聖晶石 X 10
`_2022-09-17 19:38:15_
--------
