【登录信息】
*e50c05d19e7a6942f9031d457b6d3839*
`登陆天数: 28天 / 1075天
等级: 127
石头: 0
呼符: 0
体力: 14598.35 / 137
友情点: 0 / 427590`
*連続ログイン7日間到達おめでとうございます！
明日は1日目からリスタートされます。*
`獣の足跡 X 1
呼符 X 1
11月交換券(2022) X 1
`*特異点修復応援キャンペーン 特別回数ログインボーナス*
*開催期間中、1日1回 最大7回 ログインボーナスをプレゼント！*
`フレンドポイント X 2000
`_2022-11-01 19:33:55_
--------
*0a908b156a065fad22454ba8ce31b9c8*
`登陆天数: 28天 / 932天
等级: 122
石头: 2560
呼符: 102
体力: 18489.343333333334 / 136
友情点: 0 / 711360`
*連続ログイン7日間到達おめでとうございます！
明日は1日目からリスタートされます。*
`獣の足跡 X 1
呼符 X 1
11月交換券(2022) X 1
`*特異点修復応援キャンペーン 特別回数ログインボーナス*
*開催期間中、1日1回 最大7回 ログインボーナスをプレゼント！*
`フレンドポイント X 2000
`_2022-11-01 19:34:03_
--------
