【登录信息】
*e50c05d19e7a6942f9031d457b6d3839*
`登陆天数: 30天 / 1077天
等级: 127
石头: 0
呼符: 0
体力: 15174.136666666667 / 137
友情点: 0 / 427590`
*連続ログイン2日目
※ログインが途切れるか、7日到達すると
1日目から再開されます*
`聖晶石 X 1
11月交換券(2022) X 1
`*カルデア妖精騎士杯　開幕直前特別ログインボーナス*
*開催期間中、1日1回 最大7回 ログインボーナスをプレゼント！*
`黄金の果実 X 1
`_2022-11-03 19:32:51_
--------
*0a908b156a065fad22454ba8ce31b9c8*
`登陆天数: 30天 / 934天
等级: 122
石头: 2560
呼符: 102
体力: 19065.13 / 136
友情点: 0 / 711360`
*連続ログイン2日目
※ログインが途切れるか、7日到達すると
1日目から再開されます*
`聖晶石 X 1
11月交換券(2022) X 1
`*カルデア妖精騎士杯　開幕直前特別ログインボーナス*
*開催期間中、1日1回 最大7回 ログインボーナスをプレゼント！*
`黄金の果実 X 1
`_2022-11-03 19:33:00_
--------
