【登录信息】
*e50c05d19e7a6942f9031d457b6d3839*
`登陆天数: 33天 / 1080天
等级: 127
石头: 0
呼符: 0
体力: 16038.083333333334 / 137
友情点: 0 / 427590`
*連続ログイン5日目
※ログインが途切れるか、7日到達すると
1日目から再開されます*
`叡智の業火 X 2
11月交換券(2022) X 1
`*カルデア妖精騎士杯　開幕直前特別ログインボーナス*
*開催期間中、1日1回 最大7回 ログインボーナスをプレゼント！*
`黄金の果実 X 1
`_2022-11-06 19:32:35_
--------
*0a908b156a065fad22454ba8ce31b9c8*
`登陆天数: 33天 / 937天
等级: 122
石头: 2560
呼符: 102
体力: 19929.076666666668 / 136
友情点: 0 / 711360`
*連続ログイン5日目
※ログインが途切れるか、7日到達すると
1日目から再開されます*
`叡智の業火 X 2
11月交換券(2022) X 1
`*カルデア妖精騎士杯　開幕直前特別ログインボーナス*
*開催期間中、1日1回 最大7回 ログインボーナスをプレゼント！*
`黄金の果実 X 1
`_2022-11-06 19:32:43_
--------
