【登录信息】
*e50c05d19e7a6942f9031d457b6d3839*
`登陆天数: 35天 / 1082天
等级: 127
石头: 0
呼符: 0
体力: 16615.453333333335 / 137
友情点: 0 / 427590`
*連続ログイン7日間到達おめでとうございます！
明日は1日目からリスタートされます。*
`獣の足跡 X 1
呼符 X 1
11月交換券(2022) X 1
`*カルデア妖精騎士杯　開幕直前特別ログインボーナス*
*開催期間中、1日1回 最大7回 ログインボーナスをプレゼント！*
`黄金の果実 X 1
`_2022-11-08 19:39:26_
--------
*0a908b156a065fad22454ba8ce31b9c8*
`登陆天数: 35天 / 939天
等级: 122
石头: 2560
呼符: 102
体力: 20506.446666666667 / 136
友情点: 0 / 711360`
*連続ログイン7日間到達おめでとうございます！
明日は1日目からリスタートされます。*
`獣の足跡 X 1
呼符 X 1
11月交換券(2022) X 1
`*カルデア妖精騎士杯　開幕直前特別ログインボーナス*
*開催期間中、1日1回 最大7回 ログインボーナスをプレゼント！*
`黄金の果実 X 1
`_2022-11-08 19:39:35_
--------
