【登录信息】
*e50c05d19e7a6942f9031d457b6d3839*
`登陆天数: 1天 / 1048天
等级: 127
石头: 0
呼符: 0
体力: 7069.9766666666665 / 137
友情点: 0 / 427580`
*連続ログイン1日目
※ログインが途切れるか、7日到達すると
1日目から再開されます*
`フレンドポイント X 2000
10月交換券(2022) X 1
`*使用期限付コンティニューアイテムプレゼント！*
*開催期間中、初回ログインでコンティニューアイテム「霊脈石×3」をプレゼント！*
`霊脈石 X 3
`_2022-10-06 16:12:03_
--------
*0a908b156a065fad22454ba8ce31b9c8*
`登陆天数: 1天 / 905天
等级: 122
石头: 2560
呼符: 102
体力: 10960.97 / 136
友情点: 0 / 711360`
*連続ログイン1日目
※ログインが途切れるか、7日到達すると
1日目から再開されます*
`フレンドポイント X 2000
10月交換券(2022) X 1
`*使用期限付コンティニューアイテムプレゼント！*
*開催期間中、初回ログインでコンティニューアイテム「霊脈石×3」をプレゼント！*
`霊脈石 X 3
`_2022-10-06 16:12:11_
--------
