【登录信息】
*e50c05d19e7a6942f9031d457b6d3839*
`登陆天数: 8天 / 1055天
等级: 127
石头: 0
呼符: 0
体力: 8839.88 / 137
友情点: 0 / 427580`
*連続ログイン1日目
※ログインが途切れるか、7日到達すると
1日目から再開されます*
`フレンドポイント X 2000
10月交換券(2022) X 1
`*FGO カルデア放送局 ライト版 ～108人のハロウィン・リベリオン！～ 放送記念 初回ログインボーナス*
*開催期間中、初回ログインで「聖晶石×14」をプレゼント！*
`聖晶石 X 14
`_2022-10-12 19:41:35_
--------
*0a908b156a065fad22454ba8ce31b9c8*
`登陆天数: 8天 / 912天
等级: 122
石头: 2560
呼符: 102
体力: 12730.873333333333 / 136
友情点: 0 / 711360`
*連続ログイン1日目
※ログインが途切れるか、7日到達すると
1日目から再開されます*
`フレンドポイント X 2000
10月交換券(2022) X 1
`*FGO カルデア放送局 ライト版 ～108人のハロウィン・リベリオン！～ 放送記念 初回ログインボーナス*
*開催期間中、初回ログインで「聖晶石×14」をプレゼント！*
`聖晶石 X 14
`_2022-10-12 19:41:43_
--------
