【登录信息】
*e50c05d19e7a6942f9031d457b6d3839*
`登陆天数: 12天 / 1059天
等级: 127
石头: 0
呼符: 0
体力: 9990.963333333333 / 137
友情点: 0 / 427580`
*連続ログイン5日目
※ログインが途切れるか、7日到達すると
1日目から再開されます*
`叡智の業火 X 2
10月交換券(2022) X 1
`*「FGO キャスト＆スタッフトーク in マチ★アソビvol.25」
開催記念 初回ログインボーナス*
*開催期間中、初回ログインで「聖晶石×10」をプレゼント！*
`聖晶石 X 10
`_2022-10-16 19:36:59_
--------
*0a908b156a065fad22454ba8ce31b9c8*
`登陆天数: 12天 / 916天
等级: 122
石头: 2560
呼符: 102
体力: 13881.956666666667 / 136
友情点: 0 / 711360`
*連続ログイン5日目
※ログインが途切れるか、7日到達すると
1日目から再開されます*
`叡智の業火 X 2
10月交換券(2022) X 1
`*「FGO キャスト＆スタッフトーク in マチ★アソビvol.25」
開催記念 初回ログインボーナス*
*開催期間中、初回ログインで「聖晶石×10」をプレゼント！*
`聖晶石 X 10
`_2022-10-16 19:37:08_
--------
