【登录信息】
*e50c05d19e7a6942f9031d457b6d3839*
`登陆天数: 25天 / 1072天
等级: 127
石头: 0
呼符: 0
体力: 13734.166666666666 / 137
友情点: 0 / 427590`
*連続ログイン4日目
※ログインが途切れるか、7日到達すると
1日目から再開されます*
`聖晶石 X 1
10月交換券(2022) X 1
`*特異点修復応援キャンペーン 特別回数ログインボーナス*
*開催期間中、1日1回 最大7回 ログインボーナスをプレゼント！*
`フレンドポイント X 2000
`_2022-10-29 19:33:00_
--------
*0a908b156a065fad22454ba8ce31b9c8*
`登陆天数: 25天 / 929天
等级: 122
石头: 2560
呼符: 102
体力: 17625.16 / 136
友情点: 0 / 711360`
*連続ログイン4日目
※ログインが途切れるか、7日到達すると
1日目から再開されます*
`聖晶石 X 1
10月交換券(2022) X 1
`*特異点修復応援キャンペーン 特別回数ログインボーナス*
*開催期間中、1日1回 最大7回 ログインボーナスをプレゼント！*
`フレンドポイント X 2000
`_2022-10-29 19:33:08_
--------
