【登录信息】
*e50c05d19e7a6942f9031d457b6d3839*
`登陆天数: 24天 / 998天
等级: 126
石头: 957
呼符: 28
体力: 224.98333333333335 / 137
友情点: 0 / 567350`
*連続ログイン3日目
※ログインが途切れるか、7日到達すると
1日目から再開されます*
`叡智の猛火 X 1
8月交換券(2022) X 1
`*「Fate/Grand Order Fes. 2021 ～7th Anniversary～」配信番組連動キャンペーン報酬プレゼント*
*開催期間中、初回ログインで「聖晶石×100」をプレゼント！*
`聖晶石 X 100
`_2022-07-31 19:37:14_
--------
*0a908b156a065fad22454ba8ce31b9c8*
`登陆天数: 15天 / 855天
等级: 122
石头: 3465
呼符: 89
体力: 146130.89666666667 / 136
友情点: 0 / 602490`
*連続ログイン1日目
※ログインが途切れるか、7日到達すると
1日目から再開されます*
`フレンドポイント X 2000
8月交換券(2022) X 1
`*「Fate/Grand Order Fes. 2021 ～7th Anniversary～」配信番組連動キャンペーン報酬プレゼント*
*開催期間中、初回ログインで「聖晶石×100」をプレゼント！*
`聖晶石 X 100
`_2022-07-31 19:37:22_
--------
