【登录信息】
*e50c05d19e7a6942f9031d457b6d3839*
`登陆天数: 25天 / 999天
等级: 126
石头: 1057
呼符: 28
体力: 243.76 / 137
友情点: 0 / 567350`
*連続ログイン4日目
※ログインが途切れるか、7日到達すると
1日目から再開されます*
`聖晶石 X 1
8月交換券(2022) X 1
`*7周年記念特別連続ログインボーナス*
*開催期間中、1日1回 最大7回 連続ログインボーナスをプレゼント！*
`QP X 3000000
フレンドポイント X 100000
`_2022-08-01 19:37:12_
--------
*0a908b156a065fad22454ba8ce31b9c8*
`登陆天数: 16天 / 856天
等级: 122
石头: 3565
呼符: 89
体力: 146418.89 / 136
友情点: 0 / 604490`
*連続ログイン2日目
※ログインが途切れるか、7日到達すると
1日目から再開されます*
`聖晶石 X 1
8月交換券(2022) X 1
`*7周年記念特別連続ログインボーナス*
*開催期間中、1日1回 最大7回 連続ログインボーナスをプレゼント！*
`QP X 3000000
フレンドポイント X 100000
`_2022-08-01 19:37:20_
--------
