【登录信息】
*e50c05d19e7a6942f9031d457b6d3839*
`登陆天数: 26天 / 1000天
等级: 126
石头: 1101
呼符: 28
体力: 148.60666666666665 / 137
友情点: 0 / 667350`
*連続ログイン5日目
※ログインが途切れるか、7日到達すると
1日目から再開されます*
`叡智の猛火 X 2
8月交換券(2022) X 1
`*7周年記念特別連続ログインボーナス*
*開催期間中、1日1回 最大7回 連続ログインボーナスをプレゼント！*
`QP X 3000000
星見のティーポット X 10
`_2022-08-02 19:36:59_
--------
*0a908b156a065fad22454ba8ce31b9c8*
`登陆天数: 17天 / 857天
等级: 122
石头: 3565
呼符: 89
体力: 146706.84666666668 / 136
友情点: 0 / 604490`
*連続ログイン3日目
※ログインが途切れるか、7日到達すると
1日目から再開されます*
`叡智の猛火 X 1
8月交換券(2022) X 1
`*7周年記念特別連続ログインボーナス*
*開催期間中、1日1回 最大7回 連続ログインボーナスをプレゼント！*
`QP X 3000000
星見のティーポット X 10
`_2022-08-02 19:37:07_
--------
