【登录信息】
*e50c05d19e7a6942f9031d457b6d3839*
`登陆天数: 28天 / 1002天
等级: 126
石头: 1101
呼符: 28
体力: 724.75 / 137
友情点: 0 / 667350`
*連続ログイン7日間到達おめでとうございます！
明日は1日目からリスタートされます。*
`獣の足跡 X 1
呼符 X 1
8月交換券(2022) X 1
`*7周年記念特別連続ログインボーナス*
*開催期間中、1日1回 最大7回 連続ログインボーナスをプレゼント！*
`英霊結晶・太陽のフォウくん X 10
QP X 3000000
`_2022-08-04 19:37:41_
--------
*0a908b156a065fad22454ba8ce31b9c8*
`登陆天数: 19天 / 859天
等级: 122
石头: 3565
呼符: 89
体力: 147282.99 / 136
友情点: 0 / 604490`
*連続ログイン5日目
※ログインが途切れるか、7日到達すると
1日目から再開されます*
`叡智の猛火 X 2
8月交換券(2022) X 1
`*7周年記念特別連続ログインボーナス*
*開催期間中、1日1回 最大7回 連続ログインボーナスをプレゼント！*
`英霊結晶・太陽のフォウくん X 10
QP X 3000000
`_2022-08-04 19:37:49_
--------
