【登录信息】
*e50c05d19e7a6942f9031d457b6d3839*
`登陆天数: 29天 / 1003天
等级: 126
石头: 1101
呼符: 28
体力: 1012.7866666666666 / 137
友情点: 0 / 667350`
*連続ログイン1日目
※ログインが途切れるか、7日到達すると
1日目から再開されます*
`フレンドポイント X 2000
8月交換券(2022) X 1
`*7周年記念特別連続ログインボーナス*
*開催期間中、1日1回 最大7回 連続ログインボーナスをプレゼント！*
`英霊結晶・星のフォウくん X 10
QP X 3000000
`_2022-08-05 19:37:52_
--------
*0a908b156a065fad22454ba8ce31b9c8*
`登陆天数: 20天 / 860天
等级: 122
石头: 3565
呼符: 89
体力: 147571.02666666667 / 136
友情点: 0 / 604490`
*連続ログイン6日目
※ログインが途切れるか、7日到達すると
1日目から再開されます*
`聖晶石 X 2
8月交換券(2022) X 1
`*7周年記念特別連続ログインボーナス*
*開催期間中、1日1回 最大7回 連続ログインボーナスをプレゼント！*
`英霊結晶・星のフォウくん X 10
QP X 3000000
`_2022-08-05 19:38:00_
--------
