【登录信息】
*e50c05d19e7a6942f9031d457b6d3839*
`登陆天数: 34天 / 1008天
等级: 126
石头: 1080
呼符: 19
体力: 152.36666666666667 / 137
友情点: 0 / 669660`
*連続ログイン6日目
※ログインが途切れるか、7日到達すると
1日目から再開されます*
`聖晶石 X 2
8月交換券(2022) X 1
`*FGO カルデア放送局 ライト版 ～水着イベント2022～ 放送記念 初回ログインボーナス*
*開催期間中、初回ログインで「聖晶石×14」をプレゼント！*
`聖晶石 X 14
`_2022-08-10 19:36:51_
--------
*0a908b156a065fad22454ba8ce31b9c8*
`登陆天数: 25天 / 865天
等级: 122
石头: 3570
呼符: 100
体力: 149010.82 / 136
友情点: 0 / 706490`
*連続ログイン4日目
※ログインが途切れるか、7日到達すると
1日目から再開されます*
`聖晶石 X 1
8月交換券(2022) X 1
`*FGO カルデア放送局 ライト版 ～水着イベント2022～ 放送記念 初回ログインボーナス*
*開催期間中、初回ログインで「聖晶石×14」をプレゼント！*
`聖晶石 X 14
`_2022-08-10 19:36:59_
--------
