【登录信息】
*e50c05d19e7a6942f9031d457b6d3839*
`登陆天数: 14天 / 988天
等级: 126
石头: 1016
呼符: 33
体力: 557.76 / 137
友情点: 0 / 563115`
*連続ログイン7日間到達おめでとうございます！
明日は1日目からリスタートされます。*
`獣の足跡 X 1
呼符 X 1
7月交換券(2022) X 1
`*7周年カウントダウンキャンペーン
特別ログインボーナス*
*開催期間中、1日1回 最大7回 ログインボーナスをプレゼント！*
`黄金の果実 X 1
`_2022-07-21 19:37:12_
--------
*0a908b156a065fad22454ba8ce31b9c8*
`登陆天数: 5天 / 845天
等级: 122
石头: 3393
呼符: 85
体力: 143250.89333333334 / 136
友情点: 0 / 600490`
*連続ログイン5日目
※ログインが途切れるか、7日到達すると
1日目から再開されます*
`叡智の猛火 X 2
7月交換券(2022) X 1
`*7周年カウントダウンキャンペーン
特別ログインボーナス*
*開催期間中、1日1回 最大7回 ログインボーナスをプレゼント！*
`黄金の果実 X 1
`_2022-07-21 19:37:21_
--------
