【登录信息】
*e50c05d19e7a6942f9031d457b6d3839*
`登陆天数: 15天 / 989天
等级: 126
石头: 1016
呼符: 33
体力: 845.7233333333334 / 137
友情点: 0 / 563115`
*連続ログイン1日目
※ログインが途切れるか、7日到達すると
1日目から再開されます*
`フレンドポイント X 2000
7月交換券(2022) X 1
`*7周年カウントダウンキャンペーン
特別ログインボーナス*
*開催期間中、1日1回 最大7回 ログインボーナスをプレゼント！*
`黄金の果実 X 1
`_2022-07-22 19:37:01_
--------
*0a908b156a065fad22454ba8ce31b9c8*
`登陆天数: 6天 / 846天
等级: 122
石头: 3393
呼符: 85
体力: 143538.85666666666 / 136
友情点: 0 / 600490`
*連続ログイン6日目
※ログインが途切れるか、7日到達すると
1日目から再開されます*
`聖晶石 X 2
7月交換券(2022) X 1
`*7周年カウントダウンキャンペーン
特別ログインボーナス*
*開催期間中、1日1回 最大7回 ログインボーナスをプレゼント！*
`黄金の果実 X 1
`_2022-07-22 19:37:10_
--------
