【登录信息】
*e50c05d19e7a6942f9031d457b6d3839*
`登陆天数: 16天 / 990天
等级: 126
石头: 1016
呼符: 33
体力: 1133.71 / 137
友情点: 0 / 563115`
*連続ログイン2日目
※ログインが途切れるか、7日到達すると
1日目から再開されます*
`聖晶石 X 1
7月交換券(2022) X 1
`*7周年カウントダウンキャンペーン
特別ログインボーナス*
*開催期間中、1日1回 最大7回 ログインボーナスをプレゼント！*
`黄金の果実 X 1
`_2022-07-23 19:36:57_
--------
*0a908b156a065fad22454ba8ce31b9c8*
`登陆天数: 7天 / 847天
等级: 122
石头: 3420
呼符: 85
体力: 143826.84333333332 / 136
友情点: 0 / 600490`
*連続ログイン7日間到達おめでとうございます！
明日は1日目からリスタートされます。*
`獣の足跡 X 1
呼符 X 1
7月交換券(2022) X 1
`*7周年カウントダウンキャンペーン
特別ログインボーナス*
*開催期間中、1日1回 最大7回 ログインボーナスをプレゼント！*
`黄金の果実 X 1
`_2022-07-23 19:37:05_
--------
