【登录信息】
*e50c05d19e7a6942f9031d457b6d3839*
`登陆天数: 17天 / 991天
等级: 126
石头: 1016
呼符: 33
体力: 1421.6433333333334 / 137
友情点: 0 / 563115`
*連続ログイン3日目
※ログインが途切れるか、7日到達すると
1日目から再開されます*
`叡智の猛火 X 1
7月交換券(2022) X 1
`*7周年カウントダウンキャンペーン
特別ログインボーナス*
*開催期間中、1日1回 最大7回 ログインボーナスをプレゼント！*
`呼符 X 1
`_2022-07-24 19:36:38_
--------
*0a908b156a065fad22454ba8ce31b9c8*
`登陆天数: 8天 / 848天
等级: 122
石头: 3420
呼符: 86
体力: 144114.77666666667 / 136
友情点: 0 / 600490`
*連続ログイン1日目
※ログインが途切れるか、7日到達すると
1日目から再開されます*
`フレンドポイント X 2000
7月交換券(2022) X 1
`*7周年カウントダウンキャンペーン
特別ログインボーナス*
*開催期間中、1日1回 最大7回 ログインボーナスをプレゼント！*
`呼符 X 1
`_2022-07-24 19:36:46_
--------
