【登录信息】
*e50c05d19e7a6942f9031d457b6d3839*
`登陆天数: 19天 / 993天
等级: 126
石头: 1018
呼符: 35
体力: 260.2 / 137
友情点: 0 / 565150`
*連続ログイン5日目
※ログインが途切れるか、7日到達すると
1日目から再開されます*
`叡智の猛火 X 2
7月交換券(2022) X 1
`*7周年カウントダウンキャンペーン
特別ログインボーナス*
*開催期間中、1日1回 最大7回 ログインボーナスをプレゼント！*
`黄金の果実 X 1
`_2022-07-26 19:36:42_
--------
*0a908b156a065fad22454ba8ce31b9c8*
`登陆天数: 10天 / 850天
等级: 122
石头: 3420
呼符: 86
体力: 144690.79333333333 / 136
友情点: 0 / 600490`
*連続ログイン3日目
※ログインが途切れるか、7日到達すると
1日目から再開されます*
`叡智の猛火 X 1
7月交換券(2022) X 1
`*7周年カウントダウンキャンペーン
特別ログインボーナス*
*開催期間中、1日1回 最大7回 ログインボーナスをプレゼント！*
`黄金の果実 X 1
`_2022-07-26 19:36:50_
--------
