【登录信息】
*e50c05d19e7a6942f9031d457b6d3839*
`登陆天数: 20天 / 994天
等级: 126
石头: 1018
呼符: 35
体力: 548.6266666666667 / 137
友情点: 0 / 565150`
*連続ログイン6日目
※ログインが途切れるか、7日到達すると
1日目から再開されます*
`聖晶石 X 2
7月交換券(2022) X 1
`*7周年カウントダウンキャンペーン
特別ログインボーナス*
*開催期間中、1日1回 最大7回 ログインボーナスをプレゼント！*
`呼符 X 1
`_2022-07-27 19:38:50_
--------
*0a908b156a065fad22454ba8ce31b9c8*
`登陆天数: 11天 / 851天
等级: 122
石头: 3420
呼符: 86
体力: 144979.22 / 136
友情点: 0 / 600490`
*連続ログイン4日目
※ログインが途切れるか、7日到達すると
1日目から再開されます*
`聖晶石 X 1
7月交換券(2022) X 1
`*7周年カウントダウンキャンペーン
特別ログインボーナス*
*開催期間中、1日1回 最大7回 ログインボーナスをプレゼント！*
`呼符 X 1
`_2022-07-27 19:38:58_
--------
